Release 14.7 - xst P.20131013 (nt64)
Copyright (c) 1995-2013 Xilinx, Inc.  All rights reserved.
--> Parameter TMPDIR set to xst/projnav.tmp


Total REAL time to Xst completion: 0.00 secs
Total CPU time to Xst completion: 0.10 secs
 
--> Parameter xsthdpdir set to xst


Total REAL time to Xst completion: 0.00 secs
Total CPU time to Xst completion: 0.10 secs
 
--> Reading design: Structural.prj

TABLE OF CONTENTS
  1) Synthesis Options Summary
  2) HDL Parsing
  3) HDL Elaboration
  4) HDL Synthesis
       4.1) HDL Synthesis Report
  5) Advanced HDL Synthesis
       5.1) Advanced HDL Synthesis Report
  6) Low Level Synthesis
  7) Partition Report
  8) Design Summary
       8.1) Primitive and Black Box Usage
       8.2) Device utilization summary
       8.3) Partition Resource Summary
       8.4) Timing Report
            8.4.1) Clock Information
            8.4.2) Asynchronous Control Signals Information
            8.4.3) Timing Summary
            8.4.4) Timing Details
            8.4.5) Cross Clock Domains Report


=========================================================================
*                      Synthesis Options Summary                        *
=========================================================================
---- Source Parameters
Input File Name                    : "Structural.prj"
Ignore Synthesis Constraint File   : NO

---- Target Parameters
Output File Name                   : "Structural"
Output Format                      : NGC
Target Device                      : xc6slx9-3-tqg144

---- Source Options
Top Module Name                    : Structural
Automatic FSM Extraction           : YES
FSM Encoding Algorithm             : Auto
Safe Implementation                : No
FSM Style                          : LUT
RAM Extraction                     : Yes
RAM Style                          : Auto
ROM Extraction                     : Yes
Shift Register Extraction          : YES
ROM Style                          : Auto
Resource Sharing                   : YES
Asynchronous To Synchronous        : NO
Shift Register Minimum Size        : 2
Use DSP Block                      : Auto
Automatic Register Balancing       : No

---- Target Options
LUT Combining                      : Auto
Reduce Control Sets                : Auto
Add IO Buffers                     : YES
Global Maximum Fanout              : 100000
Add Generic Clock Buffer(BUFG)     : 16
Register Duplication               : YES
Optimize Instantiated Primitives   : NO
Use Clock Enable                   : Auto
Use Synchronous Set                : Auto
Use Synchronous Reset              : Auto
Pack IO Registers into IOBs        : Auto
Equivalent register Removal        : YES

---- General Options
Optimization Goal                  : Speed
Optimization Effort                : 1
Power Reduction                    : NO
Keep Hierarchy                     : No
Netlist Hierarchy                  : As_Optimized
RTL Output                         : Yes
Global Optimization                : AllClockNets
Read Cores                         : YES
Write Timing Constraints           : NO
Cross Clock Analysis               : NO
Hierarchy Separator                : /
Bus Delimiter                      : <>
Case Specifier                     : Maintain
Slice Utilization Ratio            : 100
BRAM Utilization Ratio             : 100
DSP48 Utilization Ratio            : 100
Auto BRAM Packing                  : NO
Slice Utilization Ratio Delta      : 5

=========================================================================


=========================================================================
*                          HDL Parsing                                  *
=========================================================================
Analyzing Verilog file "C:\Users\Dan\Desktop\Xilinx_ISE_DS_Win_14.7_1015_1\SingleCycleMicroprocessor\WriteMux.v" into library work
Parsing module <WriteMux>.
Analyzing Verilog file "C:\Users\Dan\Desktop\Xilinx_ISE_DS_Win_14.7_1015_1\SingleCycleMicroprocessor\SrcMux.v" into library work
Parsing module <SrcMux>.
Analyzing Verilog file "C:\Users\Dan\Desktop\Xilinx_ISE_DS_Win_14.7_1015_1\SingleCycleMicroprocessor\SignExtend.v" into library work
Parsing module <SignExtend>.
Analyzing Verilog file "C:\Users\Dan\Desktop\Xilinx_ISE_DS_Win_14.7_1015_1\SingleCycleMicroprocessor\ResultMux.v" into library work
Parsing module <ResultMux>.
Analyzing Verilog file "C:\Users\Dan\Desktop\Xilinx_ISE_DS_Win_14.7_1015_1\SingleCycleMicroprocessor\RegisterFile.v" into library work
Parsing module <RegisterFile>.
Analyzing Verilog file "C:\Users\Dan\Desktop\Xilinx_ISE_DS_Win_14.7_1015_1\SingleCycleMicroprocessor\ProgramCounter.v" into library work
Parsing module <ProgramCounter>.
Analyzing Verilog file "C:\Users\Dan\Desktop\Xilinx_ISE_DS_Win_14.7_1015_1\SingleCycleMicroprocessor\PCReg.v" into library work
Parsing module <PCReg>.
Analyzing Verilog file "C:\Users\Dan\Desktop\Xilinx_ISE_DS_Win_14.7_1015_1\SingleCycleMicroprocessor\JumpMux.v" into library work
Parsing module <JumpMux>.
Analyzing Verilog file "C:\Users\Dan\Desktop\Xilinx_ISE_DS_Win_14.7_1015_1\SingleCycleMicroprocessor\InstructionMemory.v" into library work
Parsing module <InstructionMemory>.
Analyzing Verilog file "C:\Users\Dan\Desktop\Xilinx_ISE_DS_Win_14.7_1015_1\SingleCycleMicroprocessor\DataMemory.v" into library work
Parsing module <DataMemory>.
Analyzing Verilog file "C:\Users\Dan\Desktop\Xilinx_ISE_DS_Win_14.7_1015_1\SingleCycleMicroprocessor\BranchMux.v" into library work
Parsing module <BranchMux>.
Analyzing Verilog file "C:\Users\Dan\Desktop\Xilinx_ISE_DS_Win_14.7_1015_1\SingleCycleMicroprocessor\BranchAdder.v" into library work
Parsing module <BranchAdder>.
Analyzing Verilog file "C:\Users\Dan\Desktop\Xilinx_ISE_DS_Win_14.7_1015_1\SingleCycleMicroprocessor\ALU.v" into library work
Parsing module <ALU>.
Analyzing Verilog file "C:\Users\Dan\Desktop\Xilinx_ISE_DS_Win_14.7_1015_1\SingleCycleMicroprocessor\Structural.v" into library work
Parsing module <Structural>.

=========================================================================
*                            HDL Elaboration                            *
=========================================================================
WARNING:HDLCompiler:25 - "C:\Users\Dan\Desktop\Xilinx_ISE_DS_Win_14.7_1015_1\SingleCycleMicroprocessor\Structural.v" Line 51: Module <RegisterFile> does not have a port named <RD1>.
WARNING:HDLCompiler:1016 - "C:\Users\Dan\Desktop\Xilinx_ISE_DS_Win_14.7_1015_1\SingleCycleMicroprocessor\Structural.v" Line 51: Port SrcA is not connected to this instance

Elaborating module <Structural>.

Elaborating module <BranchMux>.
WARNING:HDLCompiler:1127 - "C:\Users\Dan\Desktop\Xilinx_ISE_DS_Win_14.7_1015_1\SingleCycleMicroprocessor\Structural.v" Line 45: Assignment to PCSrc ignored, since the identifier is never used

Elaborating module <JumpMux>.
WARNING:HDLCompiler:189 - "C:\Users\Dan\Desktop\Xilinx_ISE_DS_Win_14.7_1015_1\SingleCycleMicroprocessor\Structural.v" Line 46: Size mismatch in connection of port <PC_last>. Formal port size is 32-bit while actual signal size is 1-bit.
WARNING:HDLCompiler:1127 - "C:\Users\Dan\Desktop\Xilinx_ISE_DS_Win_14.7_1015_1\SingleCycleMicroprocessor\Structural.v" Line 46: Assignment to PCLast ignored, since the identifier is never used

Elaborating module <PCReg>.

Elaborating module <ProgramCounter>.

Elaborating module <InstructionMemory>.
ERROR:HDLCompiler:990 - "C:\Users\Dan\Desktop\Xilinx_ISE_DS_Win_14.7_1015_1\SingleCycleMicroprocessor\InstructionMemory.v" Line 30: Cannot open file Instruction_For_Memory.txt
Module InstructionMemory remains a blackbox, due to errors in its contents
WARNING:HDLCompiler:1499 - "C:\Users\Dan\Desktop\Xilinx_ISE_DS_Win_14.7_1015_1\SingleCycleMicroprocessor\InstructionMemory.v" Line 21: Empty module <InstructionMemory> remains a black box.
ERROR:HDLCompiler:1654 - "C:\Users\Dan\Desktop\Xilinx_ISE_DS_Win_14.7_1015_1\SingleCycleMicroprocessor\Structural.v" Line 50: Instantiating <CU00> from unknown module <ControlUnit>
Module Structural remains a blackbox, due to errors in its contents
WARNING:HDLCompiler:1499 - "C:\Users\Dan\Desktop\Xilinx_ISE_DS_Win_14.7_1015_1\SingleCycleMicroprocessor\Structural.v" Line 21: Empty module <Structural> remains a black box.
--> 

Total memory usage is 242048 kilobytes

Number of errors   :    2 (   0 filtered)
Number of warnings :    7 (   0 filtered)
Number of infos    :    0 (   0 filtered)

